<?xml version="1.0" encoding="UTF-8"?>
<testng-results ignored="0" total="1" passed="1" failed="0" skipped="0">
  <reporter-output>
  </reporter-output>
  <suite started-at="2024-03-09T20:38:32 IST" name="Default suite" finished-at="2024-03-09T20:38:51 IST" duration-ms="18368">
    <groups>
    </groups>
    <test started-at="2024-03-09T20:38:32 IST" name="Default test" finished-at="2024-03-09T20:38:51 IST" duration-ms="18368">
      <class name="Guru99_Logi_Page.Login_Page">
        <test-method is-config="true" signature="setup()[pri:0, instance:Guru99_Logi_Page.Login_Page@55b699ef]" started-at="2024-03-09T20:38:32 IST" name="setup" finished-at="2024-03-09T20:38:47 IST" duration-ms="14563" status="PASS">
          <reporter-output>
          </reporter-output>
        </test-method> <!-- setup -->
        <test-method signature="loginTest()[pri:0, instance:Guru99_Logi_Page.Login_Page@55b699ef]" started-at="2024-03-09T20:38:47 IST" name="loginTest" finished-at="2024-03-09T20:38:49 IST" duration-ms="2273" status="PASS">
          <reporter-output>
          </reporter-output>
        </test-method> <!-- loginTest -->
        <test-method is-config="true" signature="methodEnd(org.testng.ITestResult)[pri:0, instance:Guru99_Logi_Page.Login_Page@55b699ef]" started-at="2024-03-09T20:38:49 IST" name="methodEnd" finished-at="2024-03-09T20:38:49 IST" duration-ms="21" status="PASS">
          <params>
            <param index="0">
              <value>
                <![CDATA[[TestResult name=loginTest status=SUCCESS method=Login_Page.loginTest()[pri:0, instance:Guru99_Logi_Page.Login_Page@55b699ef] output={null}]]]>
              </value>
            </param>
          </params>
          <reporter-output>
          </reporter-output>
        </test-method> <!-- methodEnd -->
        <test-method is-config="true" signature="teardown()[pri:0, instance:Guru99_Logi_Page.Login_Page@55b699ef]" started-at="2024-03-09T20:38:49 IST" name="teardown" finished-at="2024-03-09T20:38:51 IST" duration-ms="1318" status="PASS">
          <reporter-output>
          </reporter-output>
        </test-method> <!-- teardown -->
      </class> <!-- Guru99_Logi_Page.Login_Page -->
    </test> <!-- Default test -->
  </suite> <!-- Default suite -->
</testng-results>
